Unity Editor version:    2021.3.1f1 (3b70a0754835)
Branch:                  2021.3/staging
Build type:              Release
Batch mode:              YES
macOS version:           Version 12.3 (Build 21E230)
Darwin version:          21.4.0
Architecture:            arm64
Running under Rosetta:   NO
Available memory:        32768 MB
Using pre-set license
Pro License: YES

COMMAND LINE ARGUMENTS:
/Applications/Unity/Hub/Editor/2021.3.1f1/Unity.app/Contents/MacOS/Unity
-adb2
-batchMode
-noUpm
-name
AssetImportWorker1
-projectPath
/Users/souranilsen/My project
-logFile
Logs/AssetImportWorker1.log
-srvPort
58643
Successfully changed project path to: /Users/souranilsen/My project
/Users/souranilsen/My project
[UnityMemory] Configuration Parameters - Can be set up in boot.config
    "memorysetup-bucket-allocator-granularity=16"
    "memorysetup-bucket-allocator-bucket-count=8"
    "memorysetup-bucket-allocator-block-size=33554432"
    "memorysetup-bucket-allocator-block-count=8"
    "memorysetup-main-allocator-block-size=16777216"
    "memorysetup-thread-allocator-block-size=16777216"
    "memorysetup-gfx-main-allocator-block-size=16777216"
    "memorysetup-gfx-thread-allocator-block-size=16777216"
    "memorysetup-cache-allocator-block-size=4194304"
    "memorysetup-typetree-allocator-block-size=2097152"
    "memorysetup-profiler-bucket-allocator-granularity=16"
    "memorysetup-profiler-bucket-allocator-bucket-count=8"
    "memorysetup-profiler-bucket-allocator-block-size=33554432"
    "memorysetup-profiler-bucket-allocator-block-count=8"
    "memorysetup-profiler-allocator-block-size=16777216"
    "memorysetup-profiler-editor-allocator-block-size=1048576"
    "memorysetup-temp-allocator-size-main=16777216"
    "memorysetup-job-temp-allocator-block-size=2097152"
    "memorysetup-job-temp-allocator-block-size-background=1048576"
    "memorysetup-job-temp-allocator-reduction-small-platforms=262144"
    "memorysetup-temp-allocator-size-background-worker=32768"
    "memorysetup-temp-allocator-size-job-worker=262144"
    "memorysetup-temp-allocator-size-preload-manager=33554432"
    "memorysetup-temp-allocator-size-nav-mesh-worker=65536"
    "memorysetup-temp-allocator-size-audio-worker=65536"
    "memorysetup-temp-allocator-size-cloud-worker=32768"
    "memorysetup-temp-allocator-size-gi-baking-worker=262144"
    "memorysetup-temp-allocator-size-gfx=262144"
Refreshing native plugins compatible for Editor in 71.35 ms, found 2 plugins.
Preloading 0 native plugins for Editor in 0.00 ms.
Initialize engine version: 2021.3.1f1 (3b70a0754835)
[Subsystems] Discovering subsystems at path /Applications/Unity/Hub/Editor/2021.3.1f1/Unity.app/Contents/Resources/UnitySubsystems
[Subsystems] Discovering subsystems at path /Users/souranilsen/My project/Assets
GfxDevice: creating device client; threaded=0; jobified=0
 preferred device: Apple M1 Max (high power)
Metal devices available: 1
0: Apple M1 Max (high power)
Using device Apple M1 Max (high power)
Initializing Metal device caps: Apple M1 Max
Initialize mono
Mono path[0] = '/Applications/Unity/Hub/Editor/2021.3.1f1/Unity.app/Contents/Managed'
Mono path[1] = '/Applications/Unity/Hub/Editor/2021.3.1f1/Unity.app/Contents/MonoBleedingEdge/lib/mono/unityjit-macos'
Mono config path = '/Applications/Unity/Hub/Editor/2021.3.1f1/Unity.app/Contents/MonoBleedingEdge/etc'
Using monoOptions --debugger-agent=transport=dt_socket,embedding=1,server=y,suspend=n,address=127.0.0.1:56910
Begin MonoManager ReloadAssembly
Registering precompiled unity dll's ...
Register platform support module: /Applications/Unity/Hub/Editor/2021.3.1f1/Unity.app/Contents/PlaybackEngines/MacStandaloneSupport/UnityEditor.OSXStandalone.Extensions.dll
Registered in 0.000979 seconds.
Native extension for OSXStandalone target not found
Refreshing native plugins compatible for Editor in 68.64 ms, found 2 plugins.
Preloading 0 native plugins for Editor in 0.00 ms.
Mono: successfully reloaded assembly
- Completed reload, in  0.457 seconds
Domain Reload Profiling:
	ReloadAssembly (457ms)
		BeginReloadAssembly (89ms)
			ExecutionOrderSort (0ms)
			DisableScriptedObjects (0ms)
			BackupInstance (0ms)
			ReleaseScriptingObjects (0ms)
			CreateAndSetChildDomain (1ms)
		EndReloadAssembly (295ms)
			LoadAssemblies (90ms)
			RebuildTransferFunctionScriptingTraits (0ms)
			SetupTypeCache (71ms)
			ReleaseScriptCaches (0ms)
			RebuildScriptCaches (19ms)
			SetupLoadedEditorAssemblies (178ms)
				LogAssemblyErrors (0ms)
				InitializePlatformSupportModulesInManaged (3ms)
				SetLoadedEditorAssemblies (0ms)
				RefreshPlugins (69ms)
				BeforeProcessingInitializeOnLoad (1ms)
				ProcessInitializeOnLoadAttributes (79ms)
				ProcessInitializeOnLoadMethodAttributes (26ms)
				AfterProcessingInitializeOnLoad (0ms)
				EditorAssembliesLoaded (0ms)
			ExecutionOrderSort2 (0ms)
			AwakeInstancesAfterBackupRestoration (0ms)
Platform modules already initialized, skipping
Registering precompiled user dll's ...
Registered in 0.003277 seconds.
Begin MonoManager ReloadAssembly
Symbol file LoadedFromMemory doesn't match image /Users/souranilsen/My project/Library/PackageCache/com.unity.visualscripting@1.7.6/Editor/VisualScripting.Core/Dependencies/YamlDotNet/Unity.VisualScripting.YamlDotNet.dll
Symbol file LoadedFromMemory is not a mono symbol file
Symbol file LoadedFromMemory doesn't match image /Users/souranilsen/My project/Library/PackageCache/com.unity.visualscripting@1.7.6/Editor/VisualScripting.Core/Dependencies/DotNetZip/Unity.VisualScripting.IonicZip.dll
Native extension for OSXStandalone target not found
Refreshing native plugins compatible for Editor in 0.31 ms, found 2 plugins.
Preloading 0 native plugins for Editor in 0.00 ms.
Mono: successfully reloaded assembly
- Completed reload, in  0.623 seconds
Domain Reload Profiling:
	ReloadAssembly (623ms)
		BeginReloadAssembly (52ms)
			ExecutionOrderSort (0ms)
			DisableScriptedObjects (3ms)
			BackupInstance (0ms)
			ReleaseScriptingObjects (0ms)
			CreateAndSetChildDomain (11ms)
		EndReloadAssembly (501ms)
			LoadAssemblies (79ms)
			RebuildTransferFunctionScriptingTraits (0ms)
			SetupTypeCache (162ms)
			ReleaseScriptCaches (0ms)
			RebuildScriptCaches (35ms)
			SetupLoadedEditorAssemblies (195ms)
				LogAssemblyErrors (0ms)
				InitializePlatformSupportModulesInManaged (2ms)
				SetLoadedEditorAssemblies (0ms)
				RefreshPlugins (0ms)
				BeforeProcessingInitializeOnLoad (52ms)
				ProcessInitializeOnLoadAttributes (125ms)
				ProcessInitializeOnLoadMethodAttributes (15ms)
				AfterProcessingInitializeOnLoad (1ms)
				EditorAssembliesLoaded (0ms)
			ExecutionOrderSort2 (0ms)
			AwakeInstancesAfterBackupRestoration (2ms)
Platform modules already initialized, skipping
========================================================================
Worker process is ready to serve import requests
Launching external process: /Applications/Unity/Hub/Editor/2021.3.1f1/Unity.app/Contents/Tools/UnityShaderCompiler
Launched and connected shader compiler UnityShaderCompiler after 0.04 seconds
Refreshing native plugins compatible for Editor in 0.40 ms, found 2 plugins.
Preloading 0 native plugins for Editor in 0.00 ms.
Unloading 3227 Unused Serialized files (Serialized files now loaded: 0)
Unloading 23 unused Assets / (95.8 KB). Loaded Objects now: 3688.
Memory consumption went from 220.9 MB to 220.8 MB.
Total: 2.796333 ms (FindLiveObjects: 0.119209 ms CreateObjectMapping: 0.086959 ms MarkObjects: 2.504000 ms  DeleteObjects: 0.085292 ms)

AssetImportParameters requested are different than current active one (requested -> active):
  custom:video-decoder-ogg-theora: a1e56fd34408186e4bbccfd4996cb3dc -> 
  custom:container-muxer-webm: aa71ff27fc2769a1b78a27578f13a17b -> 
  custom:container-demuxer-webm: 4f35f7cbe854078d1ac9338744f61a02 -> 
  custom:video-encoder-webm-vp8: eb34c28f22e8b96e1ab97ce403110664 -> 
  custom:framework-osx-AVFoundation: e770b220cccbd017edd2c1fefb359320 -> 
  custom:audio-encoder-webm-vorbis: bf7c407c2cedff20999df2af8eb42d56 -> 
  custom:container-demuxer-ogg: 62fdf1f143b41e24485cea50d1cbac27 -> 
  custom:video-decoder-webm-vp8: 9c59270c3fd7afecdb556c50c9e8de78 -> 
  custom:audio-decoder-ogg-vorbis: bf7c407c2cedff20999df2af8eb42d56 -> 
========================================================================
Received Prepare
Registering precompiled user dll's ...
Registered in 0.001161 seconds.
Begin MonoManager ReloadAssembly
Thread 0x17fd7b000 may have been prematurely finalized
Symbol file LoadedFromMemory doesn't match image /Users/souranilsen/My project/Library/PackageCache/com.unity.visualscripting@1.7.6/Editor/VisualScripting.Core/Dependencies/YamlDotNet/Unity.VisualScripting.YamlDotNet.dll
Symbol file LoadedFromMemory is not a mono symbol file
Symbol file LoadedFromMemory doesn't match image /Users/souranilsen/My project/Library/PackageCache/com.unity.visualscripting@1.7.6/Editor/VisualScripting.Core/Dependencies/DotNetZip/Unity.VisualScripting.IonicZip.dll
Native extension for OSXStandalone target not found
Refreshing native plugins compatible for Editor in 0.40 ms, found 2 plugins.
Preloading 0 native plugins for Editor in 0.00 ms.
Mono: successfully reloaded assembly
- Completed reload, in  0.526 seconds
Domain Reload Profiling:
	ReloadAssembly (526ms)
		BeginReloadAssembly (66ms)
			ExecutionOrderSort (0ms)
			DisableScriptedObjects (3ms)
			BackupInstance (0ms)
			ReleaseScriptingObjects (0ms)
			CreateAndSetChildDomain (20ms)
		EndReloadAssembly (404ms)
			LoadAssemblies (31ms)
			RebuildTransferFunctionScriptingTraits (0ms)
			SetupTypeCache (156ms)
			ReleaseScriptCaches (1ms)
			RebuildScriptCaches (27ms)
			SetupLoadedEditorAssemblies (160ms)
				LogAssemblyErrors (0ms)
				InitializePlatformSupportModulesInManaged (5ms)
				SetLoadedEditorAssemblies (0ms)
				RefreshPlugins (0ms)
				BeforeProcessingInitializeOnLoad (35ms)
				ProcessInitializeOnLoadAttributes (106ms)
				ProcessInitializeOnLoadMethodAttributes (13ms)
				AfterProcessingInitializeOnLoad (1ms)
				EditorAssembliesLoaded (0ms)
			ExecutionOrderSort2 (0ms)
			AwakeInstancesAfterBackupRestoration (2ms)
Platform modules already initialized, skipping
Refreshing native plugins compatible for Editor in 0.70 ms, found 2 plugins.
Preloading 0 native plugins for Editor in 0.00 ms.
Unloading 3221 Unused Serialized files (Serialized files now loaded: 0)
Unloading 16 unused Assets / (71.8 KB). Loaded Objects now: 3691.
Memory consumption went from 220.7 MB to 220.6 MB.
Total: 2.416250 ms (FindLiveObjects: 0.130458 ms CreateObjectMapping: 0.040709 ms MarkObjects: 2.177875 ms  DeleteObjects: 0.066708 ms)

AssetImportParameters requested are different than current active one (requested -> active):
  custom:video-decoder-ogg-theora: a1e56fd34408186e4bbccfd4996cb3dc -> 
  custom:container-muxer-webm: aa71ff27fc2769a1b78a27578f13a17b -> 
  custom:container-demuxer-webm: 4f35f7cbe854078d1ac9338744f61a02 -> 
  custom:video-encoder-webm-vp8: eb34c28f22e8b96e1ab97ce403110664 -> 
  custom:framework-osx-AVFoundation: e770b220cccbd017edd2c1fefb359320 -> 
  custom:audio-encoder-webm-vorbis: bf7c407c2cedff20999df2af8eb42d56 -> 
  custom:container-demuxer-ogg: 62fdf1f143b41e24485cea50d1cbac27 -> 
  custom:video-decoder-webm-vp8: 9c59270c3fd7afecdb556c50c9e8de78 -> 
  custom:audio-decoder-ogg-vorbis: bf7c407c2cedff20999df2af8eb42d56 -> 
========================================================================
Received Import Request.
  Time since last request: 409069.470402 seconds.
  path: Assets/JumpingJack_pifuhd/result_frame2_256_smpl_refined.obj
  artifactKey: Guid(b5a9893718bde422e9d9bf56eee0bb78) Importer(815301076,1909f56bfc062723c751e8b465ee728b)
Start importing Assets/JumpingJack_pifuhd/result_frame2_256_smpl_refined.obj using Guid(b5a9893718bde422e9d9bf56eee0bb78) Importer(815301076,1909f56bfc062723c751e8b465ee728b)  -> (artifact id: '9f31d098757ed5c320c80239119a2ea1') in 1.936873 seconds 
========================================================================
Received Prepare
Registering precompiled user dll's ...
Registered in 0.000860 seconds.
Begin MonoManager ReloadAssembly
Thread 0x16b8bb000 may have been prematurely finalized
Symbol file LoadedFromMemory doesn't match image /Users/souranilsen/My project/Library/PackageCache/com.unity.visualscripting@1.7.6/Editor/VisualScripting.Core/Dependencies/YamlDotNet/Unity.VisualScripting.YamlDotNet.dll
Symbol file LoadedFromMemory is not a mono symbol file
Symbol file LoadedFromMemory doesn't match image /Users/souranilsen/My project/Library/PackageCache/com.unity.visualscripting@1.7.6/Editor/VisualScripting.Core/Dependencies/DotNetZip/Unity.VisualScripting.IonicZip.dll
Native extension for OSXStandalone target not found
Refreshing native plugins compatible for Editor in 0.54 ms, found 2 plugins.
Preloading 0 native plugins for Editor in 0.00 ms.
Mono: successfully reloaded assembly
- Completed reload, in  0.964 seconds
Domain Reload Profiling:
	ReloadAssembly (964ms)
		BeginReloadAssembly (331ms)
			ExecutionOrderSort (0ms)
			DisableScriptedObjects (7ms)
			BackupInstance (0ms)
			ReleaseScriptingObjects (0ms)
			CreateAndSetChildDomain (197ms)
		EndReloadAssembly (569ms)
			LoadAssemblies (190ms)
			RebuildTransferFunctionScriptingTraits (0ms)
			SetupTypeCache (198ms)
			ReleaseScriptCaches (9ms)
			RebuildScriptCaches (30ms)
			SetupLoadedEditorAssemblies (176ms)
				LogAssemblyErrors (0ms)
				InitializePlatformSupportModulesInManaged (5ms)
				SetLoadedEditorAssemblies (0ms)
				RefreshPlugins (1ms)
				BeforeProcessingInitializeOnLoad (38ms)
				ProcessInitializeOnLoadAttributes (117ms)
				ProcessInitializeOnLoadMethodAttributes (14ms)
				AfterProcessingInitializeOnLoad (1ms)
				EditorAssembliesLoaded (0ms)
			ExecutionOrderSort2 (0ms)
			AwakeInstancesAfterBackupRestoration (3ms)
Platform modules already initialized, skipping
Refreshing native plugins compatible for Editor in 1.30 ms, found 2 plugins.
Preloading 0 native plugins for Editor in 0.00 ms.
Unloading 3221 Unused Serialized files (Serialized files now loaded: 0)
Unloading 16 unused Assets / (71.9 KB). Loaded Objects now: 3736.
Memory consumption went from 230.6 MB to 230.5 MB.
Total: 2.911500 ms (FindLiveObjects: 0.129625 ms CreateObjectMapping: 0.048916 ms MarkObjects: 2.655625 ms  DeleteObjects: 0.076167 ms)

AssetImportParameters requested are different than current active one (requested -> active):
  custom:video-decoder-ogg-theora: a1e56fd34408186e4bbccfd4996cb3dc -> 
  custom:container-muxer-webm: aa71ff27fc2769a1b78a27578f13a17b -> 
  custom:container-demuxer-webm: 4f35f7cbe854078d1ac9338744f61a02 -> 
  custom:video-encoder-webm-vp8: eb34c28f22e8b96e1ab97ce403110664 -> 
  custom:framework-osx-AVFoundation: e770b220cccbd017edd2c1fefb359320 -> 
  custom:audio-encoder-webm-vorbis: bf7c407c2cedff20999df2af8eb42d56 -> 
  custom:container-demuxer-ogg: 62fdf1f143b41e24485cea50d1cbac27 -> 
  custom:video-decoder-webm-vp8: 9c59270c3fd7afecdb556c50c9e8de78 -> 
  custom:audio-decoder-ogg-vorbis: bf7c407c2cedff20999df2af8eb42d56 -> 
========================================================================
Received Prepare
Registering precompiled user dll's ...
Registered in 0.001122 seconds.
Begin MonoManager ReloadAssembly
Thread 0x16b8bb000 may have been prematurely finalized
Symbol file LoadedFromMemory doesn't match image /Users/souranilsen/My project/Library/PackageCache/com.unity.visualscripting@1.7.6/Editor/VisualScripting.Core/Dependencies/YamlDotNet/Unity.VisualScripting.YamlDotNet.dll
Symbol file LoadedFromMemory is not a mono symbol file
Symbol file LoadedFromMemory doesn't match image /Users/souranilsen/My project/Library/PackageCache/com.unity.visualscripting@1.7.6/Editor/VisualScripting.Core/Dependencies/DotNetZip/Unity.VisualScripting.IonicZip.dll
Native extension for OSXStandalone target not found
Refreshing native plugins compatible for Editor in 0.45 ms, found 2 plugins.
Preloading 0 native plugins for Editor in 0.00 ms.
Mono: successfully reloaded assembly
- Completed reload, in  0.602 seconds
Domain Reload Profiling:
	ReloadAssembly (603ms)
		BeginReloadAssembly (102ms)
			ExecutionOrderSort (0ms)
			DisableScriptedObjects (4ms)
			BackupInstance (0ms)
			ReleaseScriptingObjects (0ms)
			CreateAndSetChildDomain (46ms)
		EndReloadAssembly (441ms)
			LoadAssemblies (42ms)
			RebuildTransferFunctionScriptingTraits (0ms)
			SetupTypeCache (170ms)
			ReleaseScriptCaches (1ms)
			RebuildScriptCaches (27ms)
			SetupLoadedEditorAssemblies (174ms)
				LogAssemblyErrors (0ms)
				InitializePlatformSupportModulesInManaged (5ms)
				SetLoadedEditorAssemblies (0ms)
				RefreshPlugins (0ms)
				BeforeProcessingInitializeOnLoad (40ms)
				ProcessInitializeOnLoadAttributes (115ms)
				ProcessInitializeOnLoadMethodAttributes (13ms)
				AfterProcessingInitializeOnLoad (1ms)
				EditorAssembliesLoaded (0ms)
			ExecutionOrderSort2 (0ms)
			AwakeInstancesAfterBackupRestoration (4ms)
Platform modules already initialized, skipping
Refreshing native plugins compatible for Editor in 0.70 ms, found 2 plugins.
Preloading 0 native plugins for Editor in 0.00 ms.
Unloading 3221 Unused Serialized files (Serialized files now loaded: 0)
Unloading 16 unused Assets / (71.8 KB). Loaded Objects now: 3739.
Memory consumption went from 230.8 MB to 230.7 MB.
Total: 2.080834 ms (FindLiveObjects: 0.118458 ms CreateObjectMapping: 0.039583 ms MarkObjects: 1.865917 ms  DeleteObjects: 0.056458 ms)

AssetImportParameters requested are different than current active one (requested -> active):
  custom:video-decoder-ogg-theora: a1e56fd34408186e4bbccfd4996cb3dc -> 
  custom:container-muxer-webm: aa71ff27fc2769a1b78a27578f13a17b -> 
  custom:container-demuxer-webm: 4f35f7cbe854078d1ac9338744f61a02 -> 
  custom:video-encoder-webm-vp8: eb34c28f22e8b96e1ab97ce403110664 -> 
  custom:framework-osx-AVFoundation: e770b220cccbd017edd2c1fefb359320 -> 
  custom:audio-encoder-webm-vorbis: bf7c407c2cedff20999df2af8eb42d56 -> 
  custom:container-demuxer-ogg: 62fdf1f143b41e24485cea50d1cbac27 -> 
  custom:video-decoder-webm-vp8: 9c59270c3fd7afecdb556c50c9e8de78 -> 
  custom:audio-decoder-ogg-vorbis: bf7c407c2cedff20999df2af8eb42d56 -> 
========================================================================
Received Import Request.
  Time since last request: 64563.167685 seconds.
  path: Assets/JumpingJack_pifuhd/result_frame2_256_smpl_refined.obj.dae
  artifactKey: Guid(39fd08a4f3f13482da6439b6defade08) Importer(815301076,1909f56bfc062723c751e8b465ee728b)
Start importing Assets/JumpingJack_pifuhd/result_frame2_256_smpl_refined.obj.dae using Guid(39fd08a4f3f13482da6439b6defade08) Importer(815301076,1909f56bfc062723c751e8b465ee728b)  -> (artifact id: '34d840559711ac9c2d6ba28d26ef02c6') in 0.682327 seconds 
========================================================================
Received Import Request.
  Time since last request: 0.025741 seconds.
  path: Assets/JumpingJack_pifuhd/result_frame100_256_smpl_refined.obj.dae
  artifactKey: Guid(fd32d7b06e46d4b308b241449c76beec) Importer(815301076,1909f56bfc062723c751e8b465ee728b)
Start importing Assets/JumpingJack_pifuhd/result_frame100_256_smpl_refined.obj.dae using Guid(fd32d7b06e46d4b308b241449c76beec) Importer(815301076,1909f56bfc062723c751e8b465ee728b)  -> (artifact id: '5df59094dbec051df10f00deb40bbb21') in 0.021849 seconds 
========================================================================
Received Import Request.
  Time since last request: 0.000047 seconds.
  path: Assets/JumpingJack_pifuhd/result_frame168_256_smpl_refined.obj.dae
  artifactKey: Guid(af563750df52c4a3da66634649139ddf) Importer(815301076,1909f56bfc062723c751e8b465ee728b)
Start importing Assets/JumpingJack_pifuhd/result_frame168_256_smpl_refined.obj.dae using Guid(af563750df52c4a3da66634649139ddf) Importer(815301076,1909f56bfc062723c751e8b465ee728b)  -> (artifact id: '4101ba9034028a366d1507e0f6571d66') in 0.011391 seconds 
========================================================================
Received Import Request.
  Time since last request: 0.000068 seconds.
  path: Assets/JumpingJack_pifuhd/result_frame62_256_smpl_refined.obj.dae
  artifactKey: Guid(1934c3573e51041b48b4ca358888974d) Importer(815301076,1909f56bfc062723c751e8b465ee728b)
Start importing Assets/JumpingJack_pifuhd/result_frame62_256_smpl_refined.obj.dae using Guid(1934c3573e51041b48b4ca358888974d) Importer(815301076,1909f56bfc062723c751e8b465ee728b)  -> (artifact id: 'fd85964d229703455b00253e98470786') in 0.022675 seconds 
========================================================================
Received Import Request.
  Time since last request: 0.000061 seconds.
  path: Assets/JumpingJack_pifuhd/result_frame26_256_smpl_refined.obj.dae
  artifactKey: Guid(fd3965b121f604015a73c551b34f9f74) Importer(815301076,1909f56bfc062723c751e8b465ee728b)
Start importing Assets/JumpingJack_pifuhd/result_frame26_256_smpl_refined.obj.dae using Guid(fd3965b121f604015a73c551b34f9f74) Importer(815301076,1909f56bfc062723c751e8b465ee728b)  -> (artifact id: '9b5155bdb7c304ee6716b5d6b61874c9') in 0.015550 seconds 
========================================================================
Received Import Request.
  Time since last request: 0.000042 seconds.
  path: Assets/JumpingJack_pifuhd/result_frame94_256_smpl_refined.obj.dae
  artifactKey: Guid(d50906d15cc0a4a029c574fd296faf43) Importer(815301076,1909f56bfc062723c751e8b465ee728b)
Start importing Assets/JumpingJack_pifuhd/result_frame94_256_smpl_refined.obj.dae using Guid(d50906d15cc0a4a029c574fd296faf43) Importer(815301076,1909f56bfc062723c751e8b465ee728b)  -> (artifact id: '9cdf2be35c0842ec1752660a724c01bb') in 0.019117 seconds 
========================================================================
Received Import Request.
  Time since last request: 0.000049 seconds.
  path: Assets/JumpingJack_pifuhd/result_frame148_256_smpl_refined.obj.dae
  artifactKey: Guid(bc3a35f0895974d67baa506984b647a3) Importer(815301076,1909f56bfc062723c751e8b465ee728b)
Start importing Assets/JumpingJack_pifuhd/result_frame148_256_smpl_refined.obj.dae using Guid(bc3a35f0895974d67baa506984b647a3) Importer(815301076,1909f56bfc062723c751e8b465ee728b)  -> (artifact id: '1afa9cde986396017f421894f5bb328d') in 0.014619 seconds 
========================================================================
Received Import Request.
  Time since last request: 0.000049 seconds.
  path: Assets/JumpingJack_pifuhd/result_frame116_256_smpl_refined.obj.dae
  artifactKey: Guid(2beaa40731a0e4955bfe35476f059d56) Importer(815301076,1909f56bfc062723c751e8b465ee728b)
Start importing Assets/JumpingJack_pifuhd/result_frame116_256_smpl_refined.obj.dae using Guid(2beaa40731a0e4955bfe35476f059d56) Importer(815301076,1909f56bfc062723c751e8b465ee728b)  -> (artifact id: '853f426e9eb5fe440ec2eaf2d4f22c1b') in 0.018783 seconds 
========================================================================
Received Import Request.
  Time since last request: 0.000052 seconds.
  path: Assets/JumpingJack_pifuhd/result_frame98_256_smpl_refined.obj.dae
  artifactKey: Guid(7e276fd71bb704957a40a07bf8cdf28d) Importer(815301076,1909f56bfc062723c751e8b465ee728b)
Start importing Assets/JumpingJack_pifuhd/result_frame98_256_smpl_refined.obj.dae using Guid(7e276fd71bb704957a40a07bf8cdf28d) Importer(815301076,1909f56bfc062723c751e8b465ee728b)  -> (artifact id: 'd2c3ad4bc58cd3faadf05f10f6829dfe') in 0.022773 seconds 
========================================================================
Received Import Request.
  Time since last request: 0.000043 seconds.
  path: Assets/JumpingJack_pifuhd/result_frame44_256_smpl_refined.obj.dae
  artifactKey: Guid(fc78f45acf3694f59a5f5813894d0398) Importer(815301076,1909f56bfc062723c751e8b465ee728b)
Start importing Assets/JumpingJack_pifuhd/result_frame44_256_smpl_refined.obj.dae using Guid(fc78f45acf3694f59a5f5813894d0398) Importer(815301076,1909f56bfc062723c751e8b465ee728b)  -> (artifact id: '945bd129b6d521e75f18e9e260bb1988') in 0.011899 seconds 
========================================================================
Received Import Request.
  Time since last request: 0.000038 seconds.
  path: Assets/JumpingJack_pifuhd/result_frame4_256_smpl_refined.obj.dae
  artifactKey: Guid(ee48af1b080cd4f9ab7de471a596e718) Importer(815301076,1909f56bfc062723c751e8b465ee728b)
Start importing Assets/JumpingJack_pifuhd/result_frame4_256_smpl_refined.obj.dae using Guid(ee48af1b080cd4f9ab7de471a596e718) Importer(815301076,1909f56bfc062723c751e8b465ee728b)  -> (artifact id: '908001806401c18871a1f61fd4a72c2b') in 0.013021 seconds 
========================================================================
Received Import Request.
  Time since last request: 0.000045 seconds.
  path: Assets/JumpingJack_pifuhd/result_frame102_256_smpl_refined.obj.dae
  artifactKey: Guid(f8ef33ed22ca84daa91cf78c7105956d) Importer(815301076,1909f56bfc062723c751e8b465ee728b)
Start importing Assets/JumpingJack_pifuhd/result_frame102_256_smpl_refined.obj.dae using Guid(f8ef33ed22ca84daa91cf78c7105956d) Importer(815301076,1909f56bfc062723c751e8b465ee728b)  -> (artifact id: '91d0410a31d9c3cf5f63ceac63c2907d') in 0.012631 seconds 
========================================================================
Received Import Request.
  Time since last request: 0.000055 seconds.
  path: Assets/JumpingJack_pifuhd/result_frame8_256_smpl_refined.obj.dae
  artifactKey: Guid(4f0d381a1c5234526a1bdf88491aa8f5) Importer(815301076,1909f56bfc062723c751e8b465ee728b)
Start importing Assets/JumpingJack_pifuhd/result_frame8_256_smpl_refined.obj.dae using Guid(4f0d381a1c5234526a1bdf88491aa8f5) Importer(815301076,1909f56bfc062723c751e8b465ee728b)  -> (artifact id: 'b9ff120f04a84241f8f6b87fc985b758') in 0.010281 seconds 
========================================================================
Received Import Request.
  Time since last request: 0.000045 seconds.
  path: Assets/JumpingJack_pifuhd/result_frame12_256_smpl_refined.obj.dae
  artifactKey: Guid(c7dc5e8a3a320462cb4cdadf524474bd) Importer(815301076,1909f56bfc062723c751e8b465ee728b)
Start importing Assets/JumpingJack_pifuhd/result_frame12_256_smpl_refined.obj.dae using Guid(c7dc5e8a3a320462cb4cdadf524474bd) Importer(815301076,1909f56bfc062723c751e8b465ee728b)  -> (artifact id: 'ceecc2fe58484d75988a5e6b2fd9f129') in 0.011031 seconds 
========================================================================
Received Import Request.
  Time since last request: 0.000057 seconds.
  path: Assets/JumpingJack_pifuhd/result_frame42_256_smpl_refined.obj.dae
  artifactKey: Guid(b0508e2ee325f4e05be4b5a227ff3c76) Importer(815301076,1909f56bfc062723c751e8b465ee728b)
Start importing Assets/JumpingJack_pifuhd/result_frame42_256_smpl_refined.obj.dae using Guid(b0508e2ee325f4e05be4b5a227ff3c76) Importer(815301076,1909f56bfc062723c751e8b465ee728b)  -> (artifact id: '0f7cd653e20ad69453c101ba67605a3a') in 0.011435 seconds 
========================================================================
Received Import Request.
  Time since last request: 0.000032 seconds.
  path: Assets/JumpingJack_pifuhd/result_frame6_256_smpl_refined.obj.dae
  artifactKey: Guid(a78052ef408c9476c973ba7d250f6873) Importer(815301076,1909f56bfc062723c751e8b465ee728b)
Start importing Assets/JumpingJack_pifuhd/result_frame6_256_smpl_refined.obj.dae using Guid(a78052ef408c9476c973ba7d250f6873) Importer(815301076,1909f56bfc062723c751e8b465ee728b)  -> (artifact id: '38191179a3e7190fa6bed6e1d04e2479') in 0.010337 seconds 
========================================================================
Received Import Request.
  Time since last request: 0.002878 seconds.
  path: Assets/JumpingJack_pifuhd/result_frame88_256_smpl_refined.obj.dae
  artifactKey: Guid(616a6fa538f794ce4821423a124b1205) Importer(815301076,1909f56bfc062723c751e8b465ee728b)
Start importing Assets/JumpingJack_pifuhd/result_frame88_256_smpl_refined.obj.dae using Guid(616a6fa538f794ce4821423a124b1205) Importer(815301076,1909f56bfc062723c751e8b465ee728b)  -> (artifact id: '7f796d6cb646d44a6bb190510dc9f2c6') in 0.010795 seconds 
========================================================================
Received Import Request.
  Time since last request: 0.000050 seconds.
  path: Assets/JumpingJack_pifuhd/result_frame170_256_smpl_refined.obj.dae
  artifactKey: Guid(df288541bf0224249b36a9bcada73ab1) Importer(815301076,1909f56bfc062723c751e8b465ee728b)
Start importing Assets/JumpingJack_pifuhd/result_frame170_256_smpl_refined.obj.dae using Guid(df288541bf0224249b36a9bcada73ab1) Importer(815301076,1909f56bfc062723c751e8b465ee728b)  -> (artifact id: '1ac908474e2b9714c5789607c5839fa6') in 0.021032 seconds 
========================================================================
Received Import Request.
  Time since last request: 0.000050 seconds.
  path: Assets/JumpingJack_pifuhd/result_frame114_256_smpl_refined.obj.dae
  artifactKey: Guid(dd16892a1bb4d4b069bef3aa9ec92f27) Importer(815301076,1909f56bfc062723c751e8b465ee728b)
Start importing Assets/JumpingJack_pifuhd/result_frame114_256_smpl_refined.obj.dae using Guid(dd16892a1bb4d4b069bef3aa9ec92f27) Importer(815301076,1909f56bfc062723c751e8b465ee728b)  -> (artifact id: '1259197166a5ba595514334b011627da') in 0.011345 seconds 
========================================================================
Received Import Request.
  Time since last request: 0.000037 seconds.
  path: Assets/JumpingJack_pifuhd/result_frame82_256_smpl_refined.obj.dae
  artifactKey: Guid(891b55d66a8a449a897cf07a5ddb68c5) Importer(815301076,1909f56bfc062723c751e8b465ee728b)
Start importing Assets/JumpingJack_pifuhd/result_frame82_256_smpl_refined.obj.dae using Guid(891b55d66a8a449a897cf07a5ddb68c5) Importer(815301076,1909f56bfc062723c751e8b465ee728b)  -> (artifact id: '18f9362b62b39d93bf0156f23263ab7c') in 0.010736 seconds 
========================================================================
Received Import Request.
  Time since last request: 0.000054 seconds.
  path: Assets/JumpingJack_pifuhd/result_frame138_256_smpl_refined.obj.dae
  artifactKey: Guid(f7438600c7db64edb9cdbe8d867513eb) Importer(815301076,1909f56bfc062723c751e8b465ee728b)
Start importing Assets/JumpingJack_pifuhd/result_frame138_256_smpl_refined.obj.dae using Guid(f7438600c7db64edb9cdbe8d867513eb) Importer(815301076,1909f56bfc062723c751e8b465ee728b)  -> (artifact id: '5d08563ff35b3a8698e6b0ade7544513') in 0.010229 seconds 
========================================================================
Received Import Request.
  Time since last request: 0.000049 seconds.
  path: Assets/JumpingJack_pifuhd/result_frame84_256_smpl_refined.obj.dae
  artifactKey: Guid(6a7444674765b4d2185f23a54e2ac99e) Importer(815301076,1909f56bfc062723c751e8b465ee728b)
Start importing Assets/JumpingJack_pifuhd/result_frame84_256_smpl_refined.obj.dae using Guid(6a7444674765b4d2185f23a54e2ac99e) Importer(815301076,1909f56bfc062723c751e8b465ee728b)  -> (artifact id: 'eca2d68daa3e9d06b5fd3b6ccb98c1f4') in 0.010825 seconds 
========================================================================
Received Import Request.
  Time since last request: 0.000040 seconds.
  path: Assets/JumpingJack_pifuhd/result_frame36_256_smpl_refined.obj.dae
  artifactKey: Guid(64374a32c43ba4404a5563ceba33026f) Importer(815301076,1909f56bfc062723c751e8b465ee728b)
Start importing Assets/JumpingJack_pifuhd/result_frame36_256_smpl_refined.obj.dae using Guid(64374a32c43ba4404a5563ceba33026f) Importer(815301076,1909f56bfc062723c751e8b465ee728b)  -> (artifact id: '973f33138ce5ec0d4499ccfc471f2d70') in 0.010140 seconds 
========================================================================
Received Import Request.
  Time since last request: 0.000045 seconds.
  path: Assets/JumpingJack_pifuhd/result_frame50_256_smpl_refined.obj.dae
  artifactKey: Guid(2a39d4aeb3ab84fc09499740dcf9e2eb) Importer(815301076,1909f56bfc062723c751e8b465ee728b)
Start importing Assets/JumpingJack_pifuhd/result_frame50_256_smpl_refined.obj.dae using Guid(2a39d4aeb3ab84fc09499740dcf9e2eb) Importer(815301076,1909f56bfc062723c751e8b465ee728b)  -> (artifact id: '1d57952e0c684efff25c5d7efe1104ca') in 0.010752 seconds 
========================================================================
Received Import Request.
  Time since last request: 0.000040 seconds.
  path: Assets/JumpingJack_pifuhd/result_frame120_256_smpl_refined.obj.dae
  artifactKey: Guid(6b3a7e30776e141b78e27f9d90c77efe) Importer(815301076,1909f56bfc062723c751e8b465ee728b)
Start importing Assets/JumpingJack_pifuhd/result_frame120_256_smpl_refined.obj.dae using Guid(6b3a7e30776e141b78e27f9d90c77efe) Importer(815301076,1909f56bfc062723c751e8b465ee728b)  -> (artifact id: 'fd90142680d662f4c48e98dfafd48758') in 0.011010 seconds 
========================================================================
Received Import Request.
  Time since last request: 0.000053 seconds.
  path: Assets/JumpingJack_pifuhd/result_frame162_256_smpl_refined.obj.dae
  artifactKey: Guid(166b5d97745194a21843dfbaaa1d4456) Importer(815301076,1909f56bfc062723c751e8b465ee728b)
Start importing Assets/JumpingJack_pifuhd/result_frame162_256_smpl_refined.obj.dae using Guid(166b5d97745194a21843dfbaaa1d4456) Importer(815301076,1909f56bfc062723c751e8b465ee728b)  -> (artifact id: '4dfcdc4b0bc1c3509c6cd660ad436011') in 0.010317 seconds 
========================================================================
Received Import Request.
  Time since last request: 0.000055 seconds.
  path: Assets/JumpingJack_pifuhd/result_frame64_256_smpl_refined.obj.dae
  artifactKey: Guid(f397f413ddf8b45e98049c18bc6b9bfc) Importer(815301076,1909f56bfc062723c751e8b465ee728b)
Start importing Assets/JumpingJack_pifuhd/result_frame64_256_smpl_refined.obj.dae using Guid(f397f413ddf8b45e98049c18bc6b9bfc) Importer(815301076,1909f56bfc062723c751e8b465ee728b)  -> (artifact id: '1aa3fbb39ba1f36ecbf0c4b16a1d6533') in 0.010265 seconds 
========================================================================
Received Import Request.
  Time since last request: 0.000056 seconds.
  path: Assets/JumpingJack_pifuhd/result_frame172_256_smpl_refined.obj.dae
  artifactKey: Guid(ad4cf8ac341204d0a94dac42901f689d) Importer(815301076,1909f56bfc062723c751e8b465ee728b)
Start importing Assets/JumpingJack_pifuhd/result_frame172_256_smpl_refined.obj.dae using Guid(ad4cf8ac341204d0a94dac42901f689d) Importer(815301076,1909f56bfc062723c751e8b465ee728b)  -> (artifact id: '0aa04678b8c1ad47c9c1e4604817d7c6') in 0.010493 seconds 
========================================================================
Received Import Request.
  Time since last request: 0.000055 seconds.
  path: Assets/JumpingJack_pifuhd/result_frame66_256_smpl_refined.obj.dae
  artifactKey: Guid(0474dd9f27db54088b6829cdf1972ff5) Importer(815301076,1909f56bfc062723c751e8b465ee728b)
Start importing Assets/JumpingJack_pifuhd/result_frame66_256_smpl_refined.obj.dae using Guid(0474dd9f27db54088b6829cdf1972ff5) Importer(815301076,1909f56bfc062723c751e8b465ee728b)  -> (artifact id: '9fc254dfcc97d3fc5d6f250055e2fc44') in 0.009856 seconds 
========================================================================
Received Import Request.
  Time since last request: 0.000057 seconds.
  path: Assets/JumpingJack_pifuhd/result_frame152_256_smpl_refined.obj.dae
  artifactKey: Guid(1e58ef40e2b99408c8fa578cb4626e9b) Importer(815301076,1909f56bfc062723c751e8b465ee728b)
Start importing Assets/JumpingJack_pifuhd/result_frame152_256_smpl_refined.obj.dae using Guid(1e58ef40e2b99408c8fa578cb4626e9b) Importer(815301076,1909f56bfc062723c751e8b465ee728b)  -> (artifact id: '53cc1c782d345969b96671f7a9930689') in 0.012832 seconds 
========================================================================
Received Import Request.
  Time since last request: 0.000044 seconds.
  path: Assets/JumpingJack_pifuhd/result_frame60_256_smpl_refined.obj.dae
  artifactKey: Guid(58bbd4c55e5a84458af259297e9d5bc7) Importer(815301076,1909f56bfc062723c751e8b465ee728b)
Start importing Assets/JumpingJack_pifuhd/result_frame60_256_smpl_refined.obj.dae using Guid(58bbd4c55e5a84458af259297e9d5bc7) Importer(815301076,1909f56bfc062723c751e8b465ee728b)  -> (artifact id: 'cee3078b4f34fb8572f571750b74e569') in 0.010402 seconds 
========================================================================
Received Import Request.
  Time since last request: 0.000030 seconds.
  path: Assets/JumpingJack_pifuhd/result_frame174_256_smpl_refined.obj.dae
  artifactKey: Guid(d8e29eb3ad9b3438c819d197130deeed) Importer(815301076,1909f56bfc062723c751e8b465ee728b)
Start importing Assets/JumpingJack_pifuhd/result_frame174_256_smpl_refined.obj.dae using Guid(d8e29eb3ad9b3438c819d197130deeed) Importer(815301076,1909f56bfc062723c751e8b465ee728b)  -> (artifact id: '93bfb131322e2e74de9179211a181627') in 0.010920 seconds 
========================================================================
Received Import Request.
  Time since last request: 0.000049 seconds.
  path: Assets/JumpingJack_pifuhd/result_frame154_256_smpl_refined.obj.dae
  artifactKey: Guid(8334ce14ed93d44e0a7f9618df7d07a7) Importer(815301076,1909f56bfc062723c751e8b465ee728b)
Start importing Assets/JumpingJack_pifuhd/result_frame154_256_smpl_refined.obj.dae using Guid(8334ce14ed93d44e0a7f9618df7d07a7) Importer(815301076,1909f56bfc062723c751e8b465ee728b)  -> (artifact id: 'af8a434fe03f1092c388d46a9feacc5f') in 0.010775 seconds 
========================================================================
Received Import Request.
  Time since last request: 0.000045 seconds.
  path: Assets/JumpingJack_pifuhd/result_frame176_256_smpl_refined.obj.dae
  artifactKey: Guid(c54be995821a14f0992a756aa1335f31) Importer(815301076,1909f56bfc062723c751e8b465ee728b)
Start importing Assets/JumpingJack_pifuhd/result_frame176_256_smpl_refined.obj.dae using Guid(c54be995821a14f0992a756aa1335f31) Importer(815301076,1909f56bfc062723c751e8b465ee728b)  -> (artifact id: 'cb8a7726c5c38c95dea33a97da366a62') in 0.012150 seconds 
========================================================================
Received Import Request.
  Time since last request: 0.000049 seconds.
  path: Assets/JumpingJack_pifuhd/result_frame130_256_smpl_refined.obj.dae
  artifactKey: Guid(d8220a7610a184c65a16d8815d743874) Importer(815301076,1909f56bfc062723c751e8b465ee728b)
Start importing Assets/JumpingJack_pifuhd/result_frame130_256_smpl_refined.obj.dae using Guid(d8220a7610a184c65a16d8815d743874) Importer(815301076,1909f56bfc062723c751e8b465ee728b)  -> (artifact id: '457b2b2c39cde138ef37116f445fef99') in 0.011438 seconds 
========================================================================
Received Import Request.
  Time since last request: 0.000032 seconds.
  path: Assets/JumpingJack_pifuhd/result_frame30_256_smpl_refined.obj.dae
  artifactKey: Guid(12cb3180146c545dbbf08e2c10b07cfa) Importer(815301076,1909f56bfc062723c751e8b465ee728b)
Start importing Assets/JumpingJack_pifuhd/result_frame30_256_smpl_refined.obj.dae using Guid(12cb3180146c545dbbf08e2c10b07cfa) Importer(815301076,1909f56bfc062723c751e8b465ee728b)  -> (artifact id: '77e88bf568a9cbdacaf3a5c247968e3a') in 0.011525 seconds 
========================================================================
Received Import Request.
  Time since last request: 0.000038 seconds.
  path: Assets/JumpingJack_pifuhd/result_frame110_256_smpl_refined.obj.dae
  artifactKey: Guid(3959a4537123540c6bff329a007c5ebe) Importer(815301076,1909f56bfc062723c751e8b465ee728b)
Start importing Assets/JumpingJack_pifuhd/result_frame110_256_smpl_refined.obj.dae using Guid(3959a4537123540c6bff329a007c5ebe) Importer(815301076,1909f56bfc062723c751e8b465ee728b)  -> (artifact id: '29cf8f1a4411443ffe3ed6b58eafd2eb') in 0.011705 seconds 
========================================================================
Received Import Request.
  Time since last request: 0.000041 seconds.
  path: Assets/JumpingJack_pifuhd/result_frame48_256_smpl_refined.obj.dae
  artifactKey: Guid(2dfe825c8b7744a679aa6525a4911c74) Importer(815301076,1909f56bfc062723c751e8b465ee728b)
Start importing Assets/JumpingJack_pifuhd/result_frame48_256_smpl_refined.obj.dae using Guid(2dfe825c8b7744a679aa6525a4911c74) Importer(815301076,1909f56bfc062723c751e8b465ee728b)  -> (artifact id: '2ee2df96ac4acd6bada1c31231faa4a6') in 0.010421 seconds 
========================================================================
Received Import Request.
  Time since last request: 0.000050 seconds.
  path: Assets/JumpingJack_pifuhd/result_frame16_256_smpl_refined.obj.dae
  artifactKey: Guid(83c4267a3b26940d7a6aff9f6bbeadfb) Importer(815301076,1909f56bfc062723c751e8b465ee728b)
Start importing Assets/JumpingJack_pifuhd/result_frame16_256_smpl_refined.obj.dae using Guid(83c4267a3b26940d7a6aff9f6bbeadfb) Importer(815301076,1909f56bfc062723c751e8b465ee728b)  -> (artifact id: '33a17a3213424ebd9f65aa08e6a85de3') in 0.010200 seconds 
========================================================================
Received Import Request.
  Time since last request: 0.000033 seconds.
  path: Assets/JumpingJack_pifuhd/result_frame106_256_smpl_refined.obj.dae
  artifactKey: Guid(cc7550c2887bf478e9398cdb483fbb4b) Importer(815301076,1909f56bfc062723c751e8b465ee728b)
Start importing Assets/JumpingJack_pifuhd/result_frame106_256_smpl_refined.obj.dae using Guid(cc7550c2887bf478e9398cdb483fbb4b) Importer(815301076,1909f56bfc062723c751e8b465ee728b)  -> (artifact id: 'fbcd0ec612d66f1657986cbe23b7c0ef') in 0.010208 seconds 
========================================================================
Received Import Request.
  Time since last request: 0.000043 seconds.
  path: Assets/JumpingJack_pifuhd/result_frame20_256_smpl_refined.obj.dae
  artifactKey: Guid(080ffd7210deb4bf3940934d4b9a7e1a) Importer(815301076,1909f56bfc062723c751e8b465ee728b)
Start importing Assets/JumpingJack_pifuhd/result_frame20_256_smpl_refined.obj.dae using Guid(080ffd7210deb4bf3940934d4b9a7e1a) Importer(815301076,1909f56bfc062723c751e8b465ee728b)  -> (artifact id: '017b154fd65cfd48dd099982639c1eb9') in 0.030253 seconds 
========================================================================
Received Import Request.
  Time since last request: 0.000035 seconds.
  path: Assets/JumpingJack_pifuhd/result_frame156_256_smpl_refined.obj.dae
  artifactKey: Guid(d79f3c4cd9d0a4ec6a6c84fec14c9b4c) Importer(815301076,1909f56bfc062723c751e8b465ee728b)
Start importing Assets/JumpingJack_pifuhd/result_frame156_256_smpl_refined.obj.dae using Guid(d79f3c4cd9d0a4ec6a6c84fec14c9b4c) Importer(815301076,1909f56bfc062723c751e8b465ee728b)  -> (artifact id: '688adbafbc103036ec2f1c9188691962') in 0.045114 seconds 
========================================================================
Received Import Request.
  Time since last request: 0.000061 seconds.
  path: Assets/JumpingJack_pifuhd/result_frame10_256_smpl_refined.obj.dae
  artifactKey: Guid(4a0e7f1f817a540a28fe4db374c430e9) Importer(815301076,1909f56bfc062723c751e8b465ee728b)
Start importing Assets/JumpingJack_pifuhd/result_frame10_256_smpl_refined.obj.dae using Guid(4a0e7f1f817a540a28fe4db374c430e9) Importer(815301076,1909f56bfc062723c751e8b465ee728b)  -> (artifact id: '8c70e02ce03dca05859fdadacdc98556') in 0.025078 seconds 
========================================================================
Received Import Request.
  Time since last request: 0.000045 seconds.
  path: Assets/JumpingJack_pifuhd/result_frame54_256_smpl_refined.obj.dae
  artifactKey: Guid(a5e508251f04b42ca80a72bcf6cd2fb9) Importer(815301076,1909f56bfc062723c751e8b465ee728b)
Start importing Assets/JumpingJack_pifuhd/result_frame54_256_smpl_refined.obj.dae using Guid(a5e508251f04b42ca80a72bcf6cd2fb9) Importer(815301076,1909f56bfc062723c751e8b465ee728b)  -> (artifact id: '85612e1b492116c5236a1297a6e9d419') in 0.041973 seconds 
========================================================================
Received Import Request.
  Time since last request: 0.000048 seconds.
  path: Assets/JumpingJack_pifuhd/result_frame144_256_smpl_refined.obj.dae
  artifactKey: Guid(91c9baf30b8614ca480e0e626ebb4352) Importer(815301076,1909f56bfc062723c751e8b465ee728b)
Start importing Assets/JumpingJack_pifuhd/result_frame144_256_smpl_refined.obj.dae using Guid(91c9baf30b8614ca480e0e626ebb4352) Importer(815301076,1909f56bfc062723c751e8b465ee728b)  -> (artifact id: '17bf6651f90b2aa752e0f9d3072e4fa6') in 0.026360 seconds 
========================================================================
Received Prepare
Registering precompiled user dll's ...
Registered in 0.001000 seconds.
Begin MonoManager ReloadAssembly
Thread 0x16b8bb000 may have been prematurely finalized
Symbol file LoadedFromMemory doesn't match image /Users/souranilsen/My project/Library/PackageCache/com.unity.visualscripting@1.7.6/Editor/VisualScripting.Core/Dependencies/YamlDotNet/Unity.VisualScripting.YamlDotNet.dll
Symbol file LoadedFromMemory is not a mono symbol file
Symbol file LoadedFromMemory doesn't match image /Users/souranilsen/My project/Library/PackageCache/com.unity.visualscripting@1.7.6/Editor/VisualScripting.Core/Dependencies/DotNetZip/Unity.VisualScripting.IonicZip.dll
Native extension for OSXStandalone target not found
Refreshing native plugins compatible for Editor in 0.44 ms, found 2 plugins.
Preloading 0 native plugins for Editor in 0.00 ms.
Mono: successfully reloaded assembly
- Completed reload, in  0.869 seconds
Domain Reload Profiling:
	ReloadAssembly (870ms)
		BeginReloadAssembly (294ms)
			ExecutionOrderSort (0ms)
			DisableScriptedObjects (4ms)
			BackupInstance (0ms)
			ReleaseScriptingObjects (0ms)
			CreateAndSetChildDomain (86ms)
		EndReloadAssembly (513ms)
			LoadAssemblies (234ms)
			RebuildTransferFunctionScriptingTraits (0ms)
			SetupTypeCache (178ms)
			ReleaseScriptCaches (1ms)
			RebuildScriptCaches (29ms)
			SetupLoadedEditorAssemblies (190ms)
				LogAssemblyErrors (0ms)
				InitializePlatformSupportModulesInManaged (5ms)
				SetLoadedEditorAssemblies (0ms)
				RefreshPlugins (0ms)
				BeforeProcessingInitializeOnLoad (39ms)
				ProcessInitializeOnLoadAttributes (131ms)
				ProcessInitializeOnLoadMethodAttributes (13ms)
				AfterProcessingInitializeOnLoad (1ms)
				EditorAssembliesLoaded (0ms)
			ExecutionOrderSort2 (0ms)
			AwakeInstancesAfterBackupRestoration (3ms)
Platform modules already initialized, skipping
Refreshing native plugins compatible for Editor in 0.73 ms, found 2 plugins.
Preloading 0 native plugins for Editor in 0.00 ms.
Unloading 3221 Unused Serialized files (Serialized files now loaded: 0)
Unloading 16 unused Assets / (71.8 KB). Loaded Objects now: 3743.
Memory consumption went from 235.2 MB to 235.1 MB.
Total: 3.108792 ms (FindLiveObjects: 0.110917 ms CreateObjectMapping: 0.038417 ms MarkObjects: 2.913250 ms  DeleteObjects: 0.045125 ms)

AssetImportParameters requested are different than current active one (requested -> active):
  custom:video-decoder-ogg-theora: a1e56fd34408186e4bbccfd4996cb3dc -> 
  custom:container-muxer-webm: aa71ff27fc2769a1b78a27578f13a17b -> 
  custom:container-demuxer-webm: 4f35f7cbe854078d1ac9338744f61a02 -> 
  custom:video-encoder-webm-vp8: eb34c28f22e8b96e1ab97ce403110664 -> 
  custom:framework-osx-AVFoundation: e770b220cccbd017edd2c1fefb359320 -> 
  custom:audio-encoder-webm-vorbis: bf7c407c2cedff20999df2af8eb42d56 -> 
  custom:container-demuxer-ogg: 62fdf1f143b41e24485cea50d1cbac27 -> 
  custom:video-decoder-webm-vp8: 9c59270c3fd7afecdb556c50c9e8de78 -> 
  custom:audio-decoder-ogg-vorbis: bf7c407c2cedff20999df2af8eb42d56 -> 
========================================================================
Received Prepare
Registering precompiled user dll's ...
Registered in 0.000989 seconds.
Begin MonoManager ReloadAssembly
Thread 0x16b8bb000 may have been prematurely finalized
Symbol file LoadedFromMemory doesn't match image /Users/souranilsen/My project/Library/PackageCache/com.unity.visualscripting@1.7.6/Editor/VisualScripting.Core/Dependencies/YamlDotNet/Unity.VisualScripting.YamlDotNet.dll
Symbol file LoadedFromMemory is not a mono symbol file
Symbol file LoadedFromMemory doesn't match image /Users/souranilsen/My project/Library/PackageCache/com.unity.visualscripting@1.7.6/Editor/VisualScripting.Core/Dependencies/DotNetZip/Unity.VisualScripting.IonicZip.dll
Native extension for OSXStandalone target not found
Refreshing native plugins compatible for Editor in 0.38 ms, found 2 plugins.
Preloading 0 native plugins for Editor in 0.00 ms.
Mono: successfully reloaded assembly
- Completed reload, in  0.513 seconds
Domain Reload Profiling:
	ReloadAssembly (513ms)
		BeginReloadAssembly (75ms)
			ExecutionOrderSort (0ms)
			DisableScriptedObjects (3ms)
			BackupInstance (0ms)
			ReleaseScriptingObjects (0ms)
			CreateAndSetChildDomain (27ms)
		EndReloadAssembly (381ms)
			LoadAssemblies (30ms)
			RebuildTransferFunctionScriptingTraits (0ms)
			SetupTypeCache (146ms)
			ReleaseScriptCaches (1ms)
			RebuildScriptCaches (25ms)
			SetupLoadedEditorAssemblies (152ms)
				LogAssemblyErrors (0ms)
				InitializePlatformSupportModulesInManaged (5ms)
				SetLoadedEditorAssemblies (0ms)
				RefreshPlugins (0ms)
				BeforeProcessingInitializeOnLoad (35ms)
				ProcessInitializeOnLoadAttributes (101ms)
				ProcessInitializeOnLoadMethodAttributes (11ms)
				AfterProcessingInitializeOnLoad (1ms)
				EditorAssembliesLoaded (0ms)
			ExecutionOrderSort2 (0ms)
			AwakeInstancesAfterBackupRestoration (2ms)
Platform modules already initialized, skipping
Refreshing native plugins compatible for Editor in 0.69 ms, found 2 plugins.
Preloading 0 native plugins for Editor in 0.00 ms.
Unloading 3221 Unused Serialized files (Serialized files now loaded: 0)
Unloading 16 unused Assets / (71.7 KB). Loaded Objects now: 3746.
Memory consumption went from 235.4 MB to 235.3 MB.
Total: 1.973625 ms (FindLiveObjects: 0.109417 ms CreateObjectMapping: 0.037708 ms MarkObjects: 1.767792 ms  DeleteObjects: 0.058166 ms)

AssetImportParameters requested are different than current active one (requested -> active):
  custom:video-decoder-ogg-theora: a1e56fd34408186e4bbccfd4996cb3dc -> 
  custom:container-muxer-webm: aa71ff27fc2769a1b78a27578f13a17b -> 
  custom:container-demuxer-webm: 4f35f7cbe854078d1ac9338744f61a02 -> 
  custom:video-encoder-webm-vp8: eb34c28f22e8b96e1ab97ce403110664 -> 
  custom:framework-osx-AVFoundation: e770b220cccbd017edd2c1fefb359320 -> 
  custom:audio-encoder-webm-vorbis: bf7c407c2cedff20999df2af8eb42d56 -> 
  custom:container-demuxer-ogg: 62fdf1f143b41e24485cea50d1cbac27 -> 
  custom:video-decoder-webm-vp8: 9c59270c3fd7afecdb556c50c9e8de78 -> 
  custom:audio-decoder-ogg-vorbis: bf7c407c2cedff20999df2af8eb42d56 -> 
========================================================================
Received Prepare
Registering precompiled user dll's ...
Registered in 0.000957 seconds.
Begin MonoManager ReloadAssembly
Thread 0x16b8bb000 may have been prematurely finalized
Symbol file LoadedFromMemory doesn't match image /Users/souranilsen/My project/Library/PackageCache/com.unity.visualscripting@1.7.6/Editor/VisualScripting.Core/Dependencies/YamlDotNet/Unity.VisualScripting.YamlDotNet.dll
Symbol file LoadedFromMemory is not a mono symbol file
Symbol file LoadedFromMemory doesn't match image /Users/souranilsen/My project/Library/PackageCache/com.unity.visualscripting@1.7.6/Editor/VisualScripting.Core/Dependencies/DotNetZip/Unity.VisualScripting.IonicZip.dll
Native extension for OSXStandalone target not found
Refreshing native plugins compatible for Editor in 0.39 ms, found 2 plugins.
Preloading 0 native plugins for Editor in 0.00 ms.
Mono: successfully reloaded assembly
- Completed reload, in  0.540 seconds
Domain Reload Profiling:
	ReloadAssembly (555ms)
		BeginReloadAssembly (88ms)
			ExecutionOrderSort (0ms)
			DisableScriptedObjects (3ms)
			BackupInstance (0ms)
			ReleaseScriptingObjects (0ms)
			CreateAndSetChildDomain (23ms)
		EndReloadAssembly (409ms)
			LoadAssemblies (32ms)
			RebuildTransferFunctionScriptingTraits (0ms)
			SetupTypeCache (164ms)
			ReleaseScriptCaches (1ms)
			RebuildScriptCaches (28ms)
			SetupLoadedEditorAssemblies (159ms)
				LogAssemblyErrors (0ms)
				InitializePlatformSupportModulesInManaged (5ms)
				SetLoadedEditorAssemblies (0ms)
				RefreshPlugins (0ms)
				BeforeProcessingInitializeOnLoad (36ms)
				ProcessInitializeOnLoadAttributes (105ms)
				ProcessInitializeOnLoadMethodAttributes (12ms)
				AfterProcessingInitializeOnLoad (1ms)
				EditorAssembliesLoaded (0ms)
			ExecutionOrderSort2 (0ms)
			AwakeInstancesAfterBackupRestoration (3ms)
Platform modules already initialized, skipping
Refreshing native plugins compatible for Editor in 0.76 ms, found 2 plugins.
Preloading 0 native plugins for Editor in 0.00 ms.
Unloading 3221 Unused Serialized files (Serialized files now loaded: 0)
Unloading 16 unused Assets / (71.8 KB). Loaded Objects now: 3749.
Memory consumption went from 235.6 MB to 235.5 MB.
Total: 2.122042 ms (FindLiveObjects: 0.102708 ms CreateObjectMapping: 0.040709 ms MarkObjects: 1.917916 ms  DeleteObjects: 0.059958 ms)

AssetImportParameters requested are different than current active one (requested -> active):
  custom:video-decoder-ogg-theora: a1e56fd34408186e4bbccfd4996cb3dc -> 
  custom:container-muxer-webm: aa71ff27fc2769a1b78a27578f13a17b -> 
  custom:container-demuxer-webm: 4f35f7cbe854078d1ac9338744f61a02 -> 
  custom:video-encoder-webm-vp8: eb34c28f22e8b96e1ab97ce403110664 -> 
  custom:framework-osx-AVFoundation: e770b220cccbd017edd2c1fefb359320 -> 
  custom:audio-encoder-webm-vorbis: bf7c407c2cedff20999df2af8eb42d56 -> 
  custom:container-demuxer-ogg: 62fdf1f143b41e24485cea50d1cbac27 -> 
  custom:video-decoder-webm-vp8: 9c59270c3fd7afecdb556c50c9e8de78 -> 
  custom:audio-decoder-ogg-vorbis: bf7c407c2cedff20999df2af8eb42d56 -> 
========================================================================
Received Prepare
Registering precompiled user dll's ...
Registered in 0.000950 seconds.
Begin MonoManager ReloadAssembly
Thread 0x16b8bb000 may have been prematurely finalized
Symbol file LoadedFromMemory doesn't match image /Users/souranilsen/My project/Library/PackageCache/com.unity.visualscripting@1.7.6/Editor/VisualScripting.Core/Dependencies/YamlDotNet/Unity.VisualScripting.YamlDotNet.dll
Symbol file LoadedFromMemory is not a mono symbol file
Symbol file LoadedFromMemory doesn't match image /Users/souranilsen/My project/Library/PackageCache/com.unity.visualscripting@1.7.6/Editor/VisualScripting.Core/Dependencies/DotNetZip/Unity.VisualScripting.IonicZip.dll
Native extension for OSXStandalone target not found
Refreshing native plugins compatible for Editor in 0.44 ms, found 2 plugins.
Preloading 0 native plugins for Editor in 0.00 ms.
Mono: successfully reloaded assembly
- Completed reload, in  0.561 seconds
Domain Reload Profiling:
	ReloadAssembly (562ms)
		BeginReloadAssembly (74ms)
			ExecutionOrderSort (0ms)
			DisableScriptedObjects (3ms)
			BackupInstance (0ms)
			ReleaseScriptingObjects (0ms)
			CreateAndSetChildDomain (25ms)
		EndReloadAssembly (431ms)
			LoadAssemblies (45ms)
			RebuildTransferFunctionScriptingTraits (0ms)
			SetupTypeCache (162ms)
			ReleaseScriptCaches (1ms)
			RebuildScriptCaches (27ms)
			SetupLoadedEditorAssemblies (166ms)
				LogAssemblyErrors (0ms)
				InitializePlatformSupportModulesInManaged (5ms)
				SetLoadedEditorAssemblies (0ms)
				RefreshPlugins (0ms)
				BeforeProcessingInitializeOnLoad (36ms)
				ProcessInitializeOnLoadAttributes (111ms)
				ProcessInitializeOnLoadMethodAttributes (12ms)
				AfterProcessingInitializeOnLoad (1ms)
				EditorAssembliesLoaded (0ms)
			ExecutionOrderSort2 (0ms)
			AwakeInstancesAfterBackupRestoration (5ms)
Platform modules already initialized, skipping
Refreshing native plugins compatible for Editor in 0.76 ms, found 2 plugins.
Preloading 0 native plugins for Editor in 0.00 ms.
Unloading 3221 Unused Serialized files (Serialized files now loaded: 0)
Unloading 16 unused Assets / (72.5 KB). Loaded Objects now: 3752.
Memory consumption went from 235.6 MB to 235.5 MB.
Total: 2.166208 ms (FindLiveObjects: 0.124375 ms CreateObjectMapping: 0.041375 ms MarkObjects: 1.942583 ms  DeleteObjects: 0.057417 ms)

AssetImportParameters requested are different than current active one (requested -> active):
  custom:video-decoder-ogg-theora: a1e56fd34408186e4bbccfd4996cb3dc -> 
  custom:container-muxer-webm: aa71ff27fc2769a1b78a27578f13a17b -> 
  custom:container-demuxer-webm: 4f35f7cbe854078d1ac9338744f61a02 -> 
  custom:video-encoder-webm-vp8: eb34c28f22e8b96e1ab97ce403110664 -> 
  custom:framework-osx-AVFoundation: e770b220cccbd017edd2c1fefb359320 -> 
  custom:audio-encoder-webm-vorbis: bf7c407c2cedff20999df2af8eb42d56 -> 
  custom:container-demuxer-ogg: 62fdf1f143b41e24485cea50d1cbac27 -> 
  custom:video-decoder-webm-vp8: 9c59270c3fd7afecdb556c50c9e8de78 -> 
  custom:audio-decoder-ogg-vorbis: bf7c407c2cedff20999df2af8eb42d56 -> 
========================================================================
Received Prepare
Registering precompiled user dll's ...
Registered in 0.001157 seconds.
Begin MonoManager ReloadAssembly
Thread 0x16b8bb000 may have been prematurely finalized
Symbol file LoadedFromMemory doesn't match image /Users/souranilsen/My project/Library/PackageCache/com.unity.visualscripting@1.7.6/Editor/VisualScripting.Core/Dependencies/YamlDotNet/Unity.VisualScripting.YamlDotNet.dll
Symbol file LoadedFromMemory is not a mono symbol file
Symbol file LoadedFromMemory doesn't match image /Users/souranilsen/My project/Library/PackageCache/com.unity.visualscripting@1.7.6/Editor/VisualScripting.Core/Dependencies/DotNetZip/Unity.VisualScripting.IonicZip.dll
Native extension for OSXStandalone target not found
Refreshing native plugins compatible for Editor in 0.42 ms, found 2 plugins.
Preloading 0 native plugins for Editor in 0.00 ms.
Mono: successfully reloaded assembly
- Completed reload, in  0.517 seconds
Domain Reload Profiling:
	ReloadAssembly (518ms)
		BeginReloadAssembly (64ms)
			ExecutionOrderSort (0ms)
			DisableScriptedObjects (3ms)
			BackupInstance (0ms)
			ReleaseScriptingObjects (0ms)
			CreateAndSetChildDomain (21ms)
		EndReloadAssembly (402ms)
			LoadAssemblies (25ms)
			RebuildTransferFunctionScriptingTraits (0ms)
			SetupTypeCache (155ms)
			ReleaseScriptCaches (1ms)
			RebuildScriptCaches (26ms)
			SetupLoadedEditorAssemblies (163ms)
				LogAssemblyErrors (0ms)
				InitializePlatformSupportModulesInManaged (5ms)
				SetLoadedEditorAssemblies (0ms)
				RefreshPlugins (0ms)
				BeforeProcessingInitializeOnLoad (37ms)
				ProcessInitializeOnLoadAttributes (109ms)
				ProcessInitializeOnLoadMethodAttributes (11ms)
				AfterProcessingInitializeOnLoad (1ms)
				EditorAssembliesLoaded (0ms)
			ExecutionOrderSort2 (0ms)
			AwakeInstancesAfterBackupRestoration (3ms)
Platform modules already initialized, skipping
Refreshing native plugins compatible for Editor in 0.57 ms, found 2 plugins.
Preloading 0 native plugins for Editor in 0.00 ms.
Unloading 3221 Unused Serialized files (Serialized files now loaded: 0)
Unloading 16 unused Assets / (73.0 KB). Loaded Objects now: 3755.
Memory consumption went from 235.8 MB to 235.7 MB.
Total: 1.948667 ms (FindLiveObjects: 0.099417 ms CreateObjectMapping: 0.038250 ms MarkObjects: 1.753416 ms  DeleteObjects: 0.057209 ms)

AssetImportParameters requested are different than current active one (requested -> active):
  custom:video-decoder-ogg-theora: a1e56fd34408186e4bbccfd4996cb3dc -> 
  custom:container-muxer-webm: aa71ff27fc2769a1b78a27578f13a17b -> 
  custom:container-demuxer-webm: 4f35f7cbe854078d1ac9338744f61a02 -> 
  custom:video-encoder-webm-vp8: eb34c28f22e8b96e1ab97ce403110664 -> 
  custom:framework-osx-AVFoundation: e770b220cccbd017edd2c1fefb359320 -> 
  custom:audio-encoder-webm-vorbis: bf7c407c2cedff20999df2af8eb42d56 -> 
  custom:container-demuxer-ogg: 62fdf1f143b41e24485cea50d1cbac27 -> 
  custom:video-decoder-webm-vp8: 9c59270c3fd7afecdb556c50c9e8de78 -> 
  custom:audio-decoder-ogg-vorbis: bf7c407c2cedff20999df2af8eb42d56 -> 
========================================================================
Received Prepare
Registering precompiled user dll's ...
Registered in 0.000820 seconds.
Begin MonoManager ReloadAssembly
Thread 0x16b8bb000 may have been prematurely finalized
Symbol file LoadedFromMemory doesn't match image /Users/souranilsen/My project/Library/PackageCache/com.unity.visualscripting@1.7.6/Editor/VisualScripting.Core/Dependencies/YamlDotNet/Unity.VisualScripting.YamlDotNet.dll
Symbol file LoadedFromMemory is not a mono symbol file
Symbol file LoadedFromMemory doesn't match image /Users/souranilsen/My project/Library/PackageCache/com.unity.visualscripting@1.7.6/Editor/VisualScripting.Core/Dependencies/DotNetZip/Unity.VisualScripting.IonicZip.dll
Native extension for OSXStandalone target not found
Refreshing native plugins compatible for Editor in 0.36 ms, found 2 plugins.
Preloading 0 native plugins for Editor in 0.00 ms.
Mono: successfully reloaded assembly
- Completed reload, in  0.517 seconds
Domain Reload Profiling:
	ReloadAssembly (517ms)
		BeginReloadAssembly (66ms)
			ExecutionOrderSort (0ms)
			DisableScriptedObjects (3ms)
			BackupInstance (0ms)
			ReleaseScriptingObjects (0ms)
			CreateAndSetChildDomain (21ms)
		EndReloadAssembly (393ms)
			LoadAssemblies (29ms)
			RebuildTransferFunctionScriptingTraits (0ms)
			SetupTypeCache (153ms)
			ReleaseScriptCaches (1ms)
			RebuildScriptCaches (27ms)
			SetupLoadedEditorAssemblies (155ms)
				LogAssemblyErrors (0ms)
				InitializePlatformSupportModulesInManaged (5ms)
				SetLoadedEditorAssemblies (0ms)
				RefreshPlugins (0ms)
				BeforeProcessingInitializeOnLoad (35ms)
				ProcessInitializeOnLoadAttributes (103ms)
				ProcessInitializeOnLoadMethodAttributes (11ms)
				AfterProcessingInitializeOnLoad (1ms)
				EditorAssembliesLoaded (0ms)
			ExecutionOrderSort2 (0ms)
			AwakeInstancesAfterBackupRestoration (3ms)
Platform modules already initialized, skipping
Refreshing native plugins compatible for Editor in 0.52 ms, found 2 plugins.
Preloading 0 native plugins for Editor in 0.00 ms.
Unloading 3221 Unused Serialized files (Serialized files now loaded: 0)
Unloading 16 unused Assets / (72.9 KB). Loaded Objects now: 3758.
Memory consumption went from 236.0 MB to 235.9 MB.
Total: 2.028375 ms (FindLiveObjects: 0.104750 ms CreateObjectMapping: 0.037958 ms MarkObjects: 1.825208 ms  DeleteObjects: 0.059917 ms)

AssetImportParameters requested are different than current active one (requested -> active):
  custom:video-decoder-ogg-theora: a1e56fd34408186e4bbccfd4996cb3dc -> 
  custom:container-muxer-webm: aa71ff27fc2769a1b78a27578f13a17b -> 
  custom:container-demuxer-webm: 4f35f7cbe854078d1ac9338744f61a02 -> 
  custom:video-encoder-webm-vp8: eb34c28f22e8b96e1ab97ce403110664 -> 
  custom:framework-osx-AVFoundation: e770b220cccbd017edd2c1fefb359320 -> 
  custom:audio-encoder-webm-vorbis: bf7c407c2cedff20999df2af8eb42d56 -> 
  custom:container-demuxer-ogg: 62fdf1f143b41e24485cea50d1cbac27 -> 
  custom:video-decoder-webm-vp8: 9c59270c3fd7afecdb556c50c9e8de78 -> 
  custom:audio-decoder-ogg-vorbis: bf7c407c2cedff20999df2af8eb42d56 -> 
========================================================================
Received Prepare
Registering precompiled user dll's ...
Registered in 0.000916 seconds.
Begin MonoManager ReloadAssembly
Thread 0x16b8bb000 may have been prematurely finalized
Symbol file LoadedFromMemory doesn't match image /Users/souranilsen/My project/Library/PackageCache/com.unity.visualscripting@1.7.6/Editor/VisualScripting.Core/Dependencies/YamlDotNet/Unity.VisualScripting.YamlDotNet.dll
Symbol file LoadedFromMemory is not a mono symbol file
Symbol file LoadedFromMemory doesn't match image /Users/souranilsen/My project/Library/PackageCache/com.unity.visualscripting@1.7.6/Editor/VisualScripting.Core/Dependencies/DotNetZip/Unity.VisualScripting.IonicZip.dll
Native extension for OSXStandalone target not found
Refreshing native plugins compatible for Editor in 0.41 ms, found 2 plugins.
Preloading 0 native plugins for Editor in 0.00 ms.
Mono: successfully reloaded assembly
- Completed reload, in  0.532 seconds
Domain Reload Profiling:
	ReloadAssembly (533ms)
		BeginReloadAssembly (67ms)
			ExecutionOrderSort (0ms)
			DisableScriptedObjects (3ms)
			BackupInstance (0ms)
			ReleaseScriptingObjects (0ms)
			CreateAndSetChildDomain (24ms)
		EndReloadAssembly (412ms)
			LoadAssemblies (28ms)
			RebuildTransferFunctionScriptingTraits (0ms)
			SetupTypeCache (155ms)
			ReleaseScriptCaches (1ms)
			RebuildScriptCaches (28ms)
			SetupLoadedEditorAssemblies (167ms)
				LogAssemblyErrors (0ms)
				InitializePlatformSupportModulesInManaged (5ms)
				SetLoadedEditorAssemblies (0ms)
				RefreshPlugins (0ms)
				BeforeProcessingInitializeOnLoad (37ms)
				ProcessInitializeOnLoadAttributes (112ms)
				ProcessInitializeOnLoadMethodAttributes (12ms)
				AfterProcessingInitializeOnLoad (1ms)
				EditorAssembliesLoaded (0ms)
			ExecutionOrderSort2 (0ms)
			AwakeInstancesAfterBackupRestoration (2ms)
Platform modules already initialized, skipping
Refreshing native plugins compatible for Editor in 0.75 ms, found 2 plugins.
Preloading 0 native plugins for Editor in 0.00 ms.
Unloading 3221 Unused Serialized files (Serialized files now loaded: 0)
Unloading 16 unused Assets / (72.8 KB). Loaded Objects now: 3761.
Memory consumption went from 236.1 MB to 236.1 MB.
Total: 2.078083 ms (FindLiveObjects: 0.108584 ms CreateObjectMapping: 0.038125 ms MarkObjects: 1.878250 ms  DeleteObjects: 0.052583 ms)

AssetImportParameters requested are different than current active one (requested -> active):
  custom:video-decoder-ogg-theora: a1e56fd34408186e4bbccfd4996cb3dc -> 
  custom:container-muxer-webm: aa71ff27fc2769a1b78a27578f13a17b -> 
  custom:container-demuxer-webm: 4f35f7cbe854078d1ac9338744f61a02 -> 
  custom:video-encoder-webm-vp8: eb34c28f22e8b96e1ab97ce403110664 -> 
  custom:framework-osx-AVFoundation: e770b220cccbd017edd2c1fefb359320 -> 
  custom:audio-encoder-webm-vorbis: bf7c407c2cedff20999df2af8eb42d56 -> 
  custom:container-demuxer-ogg: 62fdf1f143b41e24485cea50d1cbac27 -> 
  custom:video-decoder-webm-vp8: 9c59270c3fd7afecdb556c50c9e8de78 -> 
  custom:audio-decoder-ogg-vorbis: bf7c407c2cedff20999df2af8eb42d56 -> 
